#
# An unexpected error has been detected by Java Runtime Environment:
#
#  EXCEPTION_ACCESS_VIOLATION (0xc0000005) at pc=0x24af4cde, pid=12448, tid=3804
#
# Java VM: Java HotSpot(TM) Client VM (10.0-b19 mixed mode windows-x86)
# Problematic frame:
# C  0x24af4cde
#
# If you would like to submit a bug report, please visit:
#   http://java.sun.com/webapps/bugreport/crash.jsp
# The crash happened outside the Java Virtual Machine in native code.
# See problematic frame for where to report the bug.
#

---------------  T H R E A D  ---------------

Current thread (0x0ae9cc00):  JavaThread "AWT-Windows" daemon [_thread_in_native, id=3804, stack(0x05e40000,0x05ec0000)]

siginfo: ExceptionCode=0xc0000005, reading address 0x00000024

Registers:
EAX=0x00000000, EBX=0x05ebf714, ECX=0x00000000, EDX=0x77347074
ESP=0x05ebf6e0, EBP=0x00000000, ESI=0x0d524980, EDI=0x0d524980
EIP=0x24af4cde, EFLAGS=0x00010246

Top of Stack: (sp=0x05ebf6e0)
0x05ebf6e0:   000007f1 0d524980 00000000 24af6eea
0x05ebf6f0:   0c8d1298 0d524980 00000000 24af7016
0x05ebf700:   000007f1 0d524980 05ebf970 770e61b8
0x05ebf710:   770ec5fe 00000000 24b530b3 0d524980
0x05ebf720:   001a1664 000007f1 00000000 00000000
0x05ebf730:   000007f1 001a1664 770e61b8 ffff191b
0x05ebf740:   0d524980 77102bee ffff191b 001315ec
0x05ebf750:   0000c23a 00000000 00000000 00000001 

Instructions: (pc=0x24af4cde)
0x24af4cce:   c4 b7 24 85 c0 75 1f 8b 4e 0c 88 86 c0 08 00 00
0x24af4cde:   39 41 24 74 11 8b 56 08 50 50 68 f0 07 00 00 52 


Stack: [0x05e40000,0x05ec0000],  sp=0x05ebf6e0,  free space=509k
Native frames: (J=compiled Java code, j=interpreted, Vv=VM code, C=native code)
C  0x24af4cde

[error occurred during error reporting (printing native stack), id 0xc0000005]

Java frames: (J=compiled Java code, j=interpreted, Vv=VM code)
v  ~BufferBlob::Interpreter
v  ~BufferBlob::Interpreter
v  ~BufferBlob::Interpreter
v  ~BufferBlob::StubRoutines (1)

---------------  P R O C E S S  ---------------

Java Threads: ( => current thread )
  0x0e52f800 JavaThread "Thread-13024" [_thread_blocked, id=12452, stack(0x0b8f0000,0x0b970000)]
  0x0e458400 JavaThread "Thread-12812" [_thread_blocked, id=12088, stack(0x0c7e0000,0x0c860000)]
  0x0e457400 JavaThread "Thread-12701" [_thread_blocked, id=12556, stack(0x0c760000,0x0c7e0000)]
  0x0e457800 JavaThread "Thread-12625" [_thread_blocked, id=7536, stack(0x0c6e0000,0x0c760000)]
  0x0e2c2400 JavaThread "AWT-EventQueue-0" [_thread_in_native, id=14540, stack(0x0c2e0000,0x0c360000)]
  0x0b17b400 JavaThread "Thread-98" [_thread_blocked, id=15144, stack(0x0bbc0000,0x0bc40000)]
  0x0b17a800 JavaThread "Timer-39" [_thread_blocked, id=7772, stack(0x0d370000,0x0d3f0000)]
  0x0b17a000 JavaThread "Prefs Updater" [_thread_blocked, id=15464, stack(0x0fa20000,0x0faa0000)]
  0x0b178400 JavaThread "Active Reference Queue Daemon" daemon [_thread_blocked, id=6964, stack(0x0d0c0000,0x0d140000)]
  0x0b178000 JavaThread "Timer-11" daemon [_thread_blocked, id=21640, stack(0x0d040000,0x0d0c0000)]
  0x0b177400 JavaThread "Timer-10" daemon [_thread_blocked, id=18224, stack(0x0cf80000,0x0d000000)]
  0x0b18e800 JavaThread "Timer-1" [_thread_blocked, id=13972, stack(0x0c160000,0x0c1e0000)]
  0x0afcf400 JavaThread "TimerQueue" daemon [_thread_blocked, id=16072, stack(0x0bc40000,0x0bcc0000)]
  0x0afcec00 JavaThread "AWT-Shutdown" [_thread_blocked, id=20012, stack(0x0b870000,0x0b8f0000)]
=>0x0ae9cc00 JavaThread "AWT-Windows" daemon [_thread_in_native, id=3804, stack(0x05e40000,0x05ec0000)]
  0x0ae55c00 JavaThread "Java2D Disposer" daemon [_thread_blocked, id=20972, stack(0x05d40000,0x05dc0000)]
  0x05b02400 JavaThread "Timer-0" [_thread_blocked, id=13200, stack(0x05cc0000,0x05d40000)]
  0x05af4400 JavaThread "JMI Unnamed Thread" [_thread_in_native, id=13132, stack(0x03b10000,0x04310000)]
  0x045a9c00 JavaThread "Low Memory Detector" daemon [_thread_blocked, id=20384, stack(0x05a40000,0x05ac0000)]
  0x0459e400 JavaThread "CompilerThread0" daemon [_thread_blocked, id=8448, stack(0x09840000,0x0a040000)]
  0x04595c00 JavaThread "Attach Listener" daemon [_thread_blocked, id=1424, stack(0x059c0000,0x05a40000)]
  0x0457c400 JavaThread "Finalizer" daemon [_thread_blocked, id=18852, stack(0x058c0000,0x05940000)]
  0x0457b000 JavaThread "Reference Handler" daemon [_thread_blocked, id=9080, stack(0x05840000,0x058c0000)]
  0x044dd000 JavaThread "main" [_thread_in_native, id=17288, stack(0x00430000,0x00c30000)]

Other Threads:
  0x04576c00 VMThread [stack: 0x09040000,0x09840000] [id=5904]
  0x045c6800 WatcherThread [stack: 0x0a040000,0x0a840000] [id=18512]

VM state:not at safepoint (normal execution)

VM Mutex/Monitor currently owned by a thread: None

Heap
 def new generation   total 29504K, used 21546K [0x10010000, 0x12010000, 0x12010000)
  eden space 26240K,  79% used [0x10010000, 0x114685e8, 0x119b0000)
  from space 3264K,  21% used [0x119b0000, 0x11a62478, 0x11ce0000)
  to   space 3264K,   0% used [0x11ce0000, 0x11ce0000, 0x12010000)
 tenured generation   total 98304K, used 88348K [0x12010000, 0x18010000, 0x18010000)
   the space 98304K,  89% used [0x12010000, 0x176572c0, 0x17657400, 0x18010000)
 compacting perm gen  total 37888K, used 37758K [0x18010000, 0x1a510000, 0x1c010000)
   the space 37888K,  99% used [0x18010000, 0x1a4ef858, 0x1a4efa00, 0x1a510000)
No shared spaces configured.

Dynamic libraries:
0x00400000 - 0x0042f000 	D:\R2009a\bin\win32\MATLAB.exe
0x77300000 - 0x77441000 	C:\Windows\SYSTEM32\ntdll.dll
0x769b0000 - 0x76a84000 	C:\Windows\system32\kernel32.dll
0x75110000 - 0x7515b000 	C:\Windows\system32\KERNELBASE.dll
0x7b280000 - 0x7b34a000 	D:\R2009a\bin\win32\libut.dll
0x76810000 - 0x7683b000 	C:\Windows\system32\imagehlp.dll
0x76580000 - 0x7662c000 	C:\Windows\system32\msvcrt.dll
0x76770000 - 0x76810000 	C:\Windows\system32\ADVAPI32.dll
0x774b0000 - 0x774c9000 	C:\Windows\SYSTEM32\sechost.dll
0x766c0000 - 0x76762000 	C:\Windows\system32\RPCRT4.dll
0x76a90000 - 0x76a95000 	C:\Windows\system32\PSAPI.DLL
0x7bba0000 - 0x7bbbf000 	D:\R2009a\bin\win32\LIBEXPAT.dll
0x743d0000 - 0x7446b000 	C:\Windows\WinSxS\x86_microsoft.vc80.crt_1fc8b3b9a1e18e3b_8.0.50727.6195_none_d09154e044272b9a\MSVCR80.dll
0x7b6b0000 - 0x7b791000 	D:\R2009a\bin\win32\icuuc38.dll
0x7ad90000 - 0x7ad94000 	D:\R2009a\bin\win32\icudt38.dll
0x7ada0000 - 0x7adac000 	D:\R2009a\bin\win32\icuio38.dll
0x7afe0000 - 0x7b0c4000 	D:\R2009a\bin\win32\icuin38.dll
0x74470000 - 0x744f7000 	C:\Windows\WinSxS\x86_microsoft.vc80.crt_1fc8b3b9a1e18e3b_8.0.50727.6195_none_d09154e044272b9a\MSVCP80.dll
0x770d0000 - 0x77199000 	C:\Windows\system32\USER32.dll
0x75420000 - 0x7546e000 	C:\Windows\system32\GDI32.dll
0x76bf0000 - 0x76bfa000 	C:\Windows\system32\LPK.dll
0x75380000 - 0x7541d000 	C:\Windows\system32\USP10.dll
0x782e0000 - 0x78317000 	D:\R2009a\bin\win32\libmwfl.dll
0x10000000 - 0x1000e000 	D:\R2009a\bin\win32\boost_date_time-vc80-mt-1_36.dll
0x00130000 - 0x00140000 	D:\R2009a\bin\win32\boost_signals-vc80-mt-1_36.dll
0x00150000 - 0x00157000 	D:\R2009a\bin\win32\boost_system-vc80-mt-1_36.dll
0x00170000 - 0x0017c000 	D:\R2009a\bin\win32\boost_thread-vc80-mt-1_36.dll
0x7b3b0000 - 0x7b59a000 	D:\R2009a\bin\win32\libmwservices.dll
0x7b350000 - 0x7b3aa000 	D:\R2009a\bin\win32\libmx.dll
0x787a0000 - 0x787b3000 	D:\R2009a\bin\win32\zlib1.dll
0x7b5a0000 - 0x7b6af000 	D:\R2009a\bin\win32\libmwmathutil.dll
0x79510000 - 0x79543000 	D:\R2009a\bin\win32\mpath.dll
0x002d0000 - 0x002ff000 	D:\R2009a\bin\win32\mlutil.dll
0x00310000 - 0x00349000 	D:\R2009a\bin\win32\tbb.dll
0x74280000 - 0x74304000 	C:\Windows\WinSxS\x86_microsoft.windows.common-controls_6595b64144ccf1df_5.82.7601.18201_none_ec80f00e8593ece5\COMCTL32.dll
0x76840000 - 0x768bb000 	C:\Windows\system32\comdlg32.dll
0x76c20000 - 0x76c77000 	C:\Windows\system32\SHLWAPI.dll
0x755b0000 - 0x761fb000 	C:\Windows\system32\SHELL32.dll
0x74260000 - 0x74271000 	C:\Windows\system32\NETAPI32.dll
0x74250000 - 0x74259000 	C:\Windows\system32\netutils.dll
0x74da0000 - 0x74db9000 	C:\Windows\system32\srvcli.dll
0x74240000 - 0x7424f000 	C:\Windows\system32\wkscli.dll
0x754d0000 - 0x75505000 	C:\Windows\system32\WS2_32.dll
0x755a0000 - 0x755a6000 	C:\Windows\system32\NSI.dll
0x79a80000 - 0x79ad3000 	D:\R2009a\bin\win32\mcr.dll
0x7adb0000 - 0x7adeb000 	D:\R2009a\bin\win32\iqm.dll
0x7a080000 - 0x7a558000 	D:\R2009a\bin\win32\m_interpreter.dll
0x7ae00000 - 0x7ae0c000 	D:\R2009a\bin\win32\libmex.dll
0x79960000 - 0x799b7000 	D:\R2009a\bin\win32\m_dispatcher.dll
0x78670000 - 0x7868c000 	D:\R2009a\bin\win32\datasvcs.dll
0x78df0000 - 0x78fb2000 	D:\R2009a\bin\win32\xerces-c_2_7.dll
0x00c30000 - 0x00ccd000 	D:\R2009a\bin\win32\boost_regex-vc80-mt-1_36.dll
0x79870000 - 0x798c7000 	D:\R2009a\bin\win32\profiler.dll
0x7ae60000 - 0x7ae7e000 	D:\R2009a\bin\win32\libmwmathrng.dll
0x78720000 - 0x78732000 	D:\R2009a\bin\win32\m_pcodeio.dll
0x794d0000 - 0x79507000 	D:\R2009a\bin\win32\m_ir.dll
0x79b60000 - 0x7a077000 	D:\R2009a\bin\win32\m_parser.dll
0x7adf0000 - 0x7adfe000 	D:\R2009a\bin\win32\ir_xfmr.dll
0x78320000 - 0x78468000 	D:\R2009a\bin\win32\mcos.dll
0x7aea0000 - 0x7aeaa000 	D:\R2009a\bin\win32\mtok.dll
0x78700000 - 0x78716000 	D:\R2009a\bin\win32\m_pcodegen.dll
0x78650000 - 0x7866b000 	D:\R2009a\bin\win32\bridge.dll
0x7aae0000 - 0x7ab64000 	D:\R2009a\bin\win32\udd.dll
0x7b7a0000 - 0x7b89b000 	D:\R2009a\bin\win32\libmwgui.dll
0x78800000 - 0x789f1000 	D:\R2009a\bin\win32\hg.dll
0x78690000 - 0x786b2000 	D:\R2009a\bin\win32\libmat.dll
0x7b0d0000 - 0x7b275000 	D:\R2009a\bin\win32\libhdf5.dll
0x793e0000 - 0x7941e000 	D:\R2009a\bin\win32\jmi.dll
0x790f0000 - 0x7911c000 	D:\R2009a\bin\win32\libmwhardcopy.dll
0x79490000 - 0x794c7000 	D:\R2009a\bin\win32\libuij.dll
0x78d50000 - 0x78de5000 	D:\R2009a\bin\win32\libmwmathlinalg.dll
0x78a60000 - 0x78d42000 	D:\R2009a\bin\win32\libmwmathelem.dll
0x78a00000 - 0x78a52000 	D:\R2009a\bin\win32\libmwmathcore.dll
0x798d0000 - 0x79917000 	D:\R2009a\bin\win32\libmwcholmod.dll
0x7ae10000 - 0x7ae1a000 	D:\R2009a\bin\win32\libmwamd.dll
0x7ae40000 - 0x7ae49000 	D:\R2009a\bin\win32\libmwcolamd.dll
0x7ae30000 - 0x7ae3d000 	D:\R2009a\bin\win32\libmwblas.dll
0x7ae20000 - 0x7ae2c000 	D:\R2009a\bin\win32\libmwbinder.dll
0x786c0000 - 0x786f8000 	D:\R2009a\bin\win32\libmwlapack.dll
0x00e50000 - 0x00e85000 	D:\R2009a\bin\win32\libmwrookfastbp.dll
0x79120000 - 0x7915c000 	D:\R2009a\bin\win32\libmwma57.dll
0x7aef0000 - 0x7afd9000 	D:\R2009a\bin\win32\libifcoremd.dll
0x79550000 - 0x79813000 	D:\R2009a\bin\win32\libmmd.dll
0x7ae50000 - 0x7ae5c000 	D:\R2009a\bin\win32\libmwcsparse.dll
0x79a20000 - 0x79a73000 	D:\R2009a\bin\win32\libmwumfpack.dll
0x00ed0000 - 0x00f77000 	D:\R2009a\bin\win32\hgdatatypes.dll
0x7ab70000 - 0x7ad89000 	D:\R2009a\bin\win32\uiw.dll
0x7aee0000 - 0x7aee9000 	D:\R2009a\bin\win32\uinone.dll
0x00fb0000 - 0x010bf000 	C:\Windows\WinSxS\x86_microsoft.vc80.mfc_1fc8b3b9a1e18e3b_8.0.50727.6195_none_cbf5e994470a1a8f\MFC80.DLL
0x010c0000 - 0x01111000 	C:\Windows\system32\WINSPOOL.DRV
0x771a0000 - 0x772fc000 	C:\Windows\system32\ole32.dll
0x75510000 - 0x7559f000 	C:\Windows\system32\OLEAUT32.dll
0x79ae0000 - 0x79b55000 	D:\R2009a\bin\win32\udd_mi.dll
0x78740000 - 0x78753000 	D:\R2009a\bin\win32\mwoles05.DLL
0x79820000 - 0x79864000 	D:\R2009a\bin\win32\comcli.dll
0x01150000 - 0x0116b000 	C:\Windows\WinSxS\x86_microsoft.vc80.atl_1fc8b3b9a1e18e3b_8.0.50727.6195_none_d1cb102c435421de\ATL80.DLL
0x7ae90000 - 0x7ae9b000 	D:\R2009a\bin\win32\mlautoregister.dll
0x76c00000 - 0x76c1f000 	C:\Windows\system32\IMM32.DLL
0x77000000 - 0x770cc000 	C:\Windows\system32\MSCTF.dll
0x012d0000 - 0x012da000 	C:\Windows\WinSxS\x86_microsoft.vc80.mfcloc_1fc8b3b9a1e18e3b_8.0.50727.6195_none_03ce2c72205943d3\MFC80CHS.DLL
0x738c0000 - 0x73900000 	C:\Windows\system32\uxtheme.dll
0x74fb0000 - 0x74fbb000 	C:\Windows\system32\profapi.dll
0x74220000 - 0x7423c000 	C:\Windows\system32\iphlpapi.dll
0x74210000 - 0x74217000 	C:\Windows\system32\WINNSI.DLL
0x74840000 - 0x74884000 	C:\Windows\system32\DNSAPI.dll
0x72710000 - 0x7271d000 	C:\Windows\system32\dhcpcsvc6.DLL
0x72690000 - 0x726a2000 	C:\Windows\system32\dhcpcsvc.DLL
0x73600000 - 0x73603000 	C:\Windows\system32\icmp.Dll
0x74ea0000 - 0x74eac000 	C:\Windows\system32\CRYPTBASE.dll
0x79190000 - 0x793e0000 	D:\R2009a\sys\java\jre\win32\jre\bin\client\jvm.dll
0x75340000 - 0x75372000 	C:\Windows\system32\WINMM.dll
0x030a0000 - 0x030f6000 	D:\R2009a\bin\win32\MSVCR71.dll
0x74e50000 - 0x74e9c000 	C:\Windows\system32\apphelp.dll
0x732b0000 - 0x7339b000 	C:\Windows\system32\dbghelp.dll
0x79920000 - 0x79928000 	D:\R2009a\sys\java\jre\win32\jre\bin\hpi.dll
0x79940000 - 0x7994c000 	D:\R2009a\sys\java\jre\win32\jre\bin\verify.dll
0x787c0000 - 0x787df000 	D:\R2009a\sys\java\jre\win32\jre\bin\java.dll
0x79950000 - 0x7995f000 	D:\R2009a\sys\java\jre\win32\jre\bin\zip.dll
0x78760000 - 0x78778000 	D:\R2009a\bin\win32\nativejava.dll
0x78780000 - 0x7879d000 	D:\R2009a\bin\win32\nativejmi.dll
0x7aed0000 - 0x7aed6000 	D:\R2009a\bin\win32\nativeservices.dll
0x78fc0000 - 0x790ee000 	D:\R2009a\sys\java\jre\win32\jre\bin\awt.dll
0x75320000 - 0x75333000 	C:\Windows\system32\dwmapi.dll
0x05ec0000 - 0x05f53000 	C:\Users\Administrator\AppData\Roaming\TaobaoProtect\TaobaoProtectSE.dll
0x751c0000 - 0x752e1000 	C:\Windows\system32\CRYPT32.dll
0x74fc0000 - 0x74fcc000 	C:\Windows\system32\MSASN1.dll
0x74500000 - 0x74509000 	C:\Windows\system32\VERSION.dll
0x03ac0000 - 0x03ac3000 	C:\Windows\system32\sfc.dll

VM Arguments:
jvm_args: -Xss512k -XX:PermSize=32m -Xms64m -XX:NewRatio=3 -XX:MaxPermSize=64m -Xmx128m -XX:MaxDirectMemorySize=1200000000 -Dsun.java2d.noddraw=true -Dsun.awt.nopixfmt=true -Xshare:off -Xrs -Djava.library.path=D:\R2009a\bin\win32;D:\Xilinx\12.4\ISE_DS\ISE\sysgen\bin;D:\Xilinx\12.4\ISE_DS\ISE\sysgen\bin\nt vfprintf abort 
java_command: <unknown>
Launcher Type: generic

Environment Variables:
JAVA_HOME=D:\java\jdk7
CLASSPATH=D:\java\jdk7\lib\dt.jar;D:\java\jdk7\lib\tools.jar;D:\java\jdk7\bin;D:\java\jdk7\db\postgres;
PATH=C:\Windows\system32;C:\Windows;C:\Windows\System32\Wbem;C:\Windows\System32\WindowsPowerShell\v1.0\;D:\postgresql\bin;D:\java\jdk7\bin;C:\Program Files\Microsoft\Web Platform Installer\;C:\Program Files\Microsoft ASP.NET\ASP.NET Web Pages\v1.0\;C:\Program Files\Windows Kits\8.0\Windows Performance Toolkit\;C:\Program Files\Microsoft SQL Server\110\Tools\Binn\;E:\CLISP\clisp-2.49;D:\Latex\MiKTeX_install\miktex\bin\;E:\miktex\miktex\bin;E:\CTEX\UserData\miktex\bin;E:\CTEX\MiKTeX\miktex\bin;E:\CTEX\CTeX\ctex\bin;E:\CTEX\CTeX\cct\bin;E:\CTEX\CTeX\ty\bin;E:\CTEX\Ghostscript\gs9.05\bin;E:\CTEX\GSview\gsview;E:\CTEX\WinEdt;C:\Program Files\QuickTime\QTSystem\;C:\Windows\system32;C:\Windows;C:\Windows\System32\Wbem;C:\Windows\System32\WindowsPowerShell\v1.0\;D:\postgresql\bin;D:\java\jdk7\bin;C:\Program Files\Microsoft\Web Platform Installer\;C:\Program Files\Microsoft ASP.NET\ASP.NET Web Pages\v1.0\;C:\Program Files\Windows Kits\8.0\Windows Performance Toolkit\;C:\Program Files\Microsoft SQL Server\110\Tools\Binn\;E:\CLISP\clisp-2.49;E:\CTEX\UserData\miktex\bin\
USERNAME=Administrator
OS=Windows_NT
PROCESSOR_IDENTIFIER=x86 Family 6 Model 23 Stepping 10, GenuineIntel



---------------  S Y S T E M  ---------------

OS: Windows NT 6.1 Build 7601 Service Pack 1

CPU:total 4 (4 cores per cpu, 1 threads per core) family 6 model 7 stepping 10, cmov, cx8, fxsr, mmx, sse, sse2, sse3, ssse3

Memory: 4k page, physical 3632736k(974124k free), swap 4194303k(2307112k free)

vm_info: Java HotSpot(TM) Client VM (10.0-b19) for windows-x86 JRE (1.6.0_04-b12), built on Dec 14 2007 00:51:20 by "java_re" with MS VC++ 7.1

time: Sat Apr 25 23:28:06 2015
elapsed time: 98174 seconds

