#
# An unexpected error has been detected by Java Runtime Environment:
#
#  EXCEPTION_ACCESS_VIOLATION (0xc0000005) at pc=0x0c9b4cde, pid=11808, tid=19500
#
# Java VM: Java HotSpot(TM) Client VM (10.0-b19 mixed mode windows-x86)
# Problematic frame:
# C  0x0c9b4cde
#
# If you would like to submit a bug report, please visit:
#   http://java.sun.com/webapps/bugreport/crash.jsp
# The crash happened outside the Java Virtual Machine in native code.
# See problematic frame for where to report the bug.
#

---------------  T H R E A D  ---------------

Current thread (0x0abed800):  JavaThread "AWT-Windows" daemon [_thread_in_native, id=19500, stack(0x0b2f0000,0x0b370000)]

siginfo: ExceptionCode=0xc0000005, reading address 0x00000024

Registers:
EAX=0x00000000, EBX=0x0b36f714, ECX=0x00000000, EDX=0x77347074
ESP=0x0b36f6e0, EBP=0x00000000, ESI=0x0011f310, EDI=0x0011f310
EIP=0x0c9b4cde, EFLAGS=0x00010246

Top of Stack: (sp=0x0b36f6e0)
0x0b36f6e0:   000007f1 0011f310 00000000 0c9b6eea
0x0b36f6f0:   0c471430 0011f310 00000000 0c9b7016
0x0b36f700:   000007f1 0011f310 0b36f970 770e61b8
0x0b36f710:   770ec5fe 00000000 0ca130b3 0011f310
0x0b36f720:   00481806 000007f1 00000000 00000000
0x0b36f730:   000007f1 00481806 770e61b8 ffff1b37
0x0b36f740:   0011f310 77102bee ffff1b37 000b1d48
0x0b36f750:   0000c23a 00000000 00000000 00000001 

Instructions: (pc=0x0c9b4cde)
0x0c9b4cce:   c4 a3 0c 85 c0 75 1f 8b 4e 0c 88 86 c0 08 00 00
0x0c9b4cde:   39 41 24 74 11 8b 56 08 50 50 68 f0 07 00 00 52 


Stack: [0x0b2f0000,0x0b370000],  sp=0x0b36f6e0,  free space=509k
Native frames: (J=compiled Java code, j=interpreted, Vv=VM code, C=native code)
C  0x0c9b4cde

[error occurred during error reporting (printing native stack), id 0xc0000005]

Java frames: (J=compiled Java code, j=interpreted, Vv=VM code)
v  ~BufferBlob::Interpreter
v  ~BufferBlob::Interpreter
v  ~BufferBlob::Interpreter
v  ~BufferBlob::StubRoutines (1)

---------------  P R O C E S S  ---------------

Java Threads: ( => current thread )
  0x0b13f400 JavaThread "Thread-743" [_thread_blocked, id=20012, stack(0x0e2d0000,0x0e350000)]
  0x0b13f000 JavaThread "Thread-248" [_thread_blocked, id=9652, stack(0x0bec0000,0x0bf40000)]
  0x0b13d400 JavaThread "Thread-135" [_thread_blocked, id=2376, stack(0x0d640000,0x0d6c0000)]
  0x0b13e400 JavaThread "Thread-126" [_thread_blocked, id=14292, stack(0x0d330000,0x0d3b0000)]
  0x0b13c800 JavaThread "Thread-104" [_thread_blocked, id=7588, stack(0x0b410000,0x0b490000)]
  0x0b13bc00 JavaThread "Prefs Updater" [_thread_blocked, id=18464, stack(0x0d230000,0x0d2b0000)]
  0x0b13a400 JavaThread "Active Reference Queue Daemon" daemon [_thread_blocked, id=20664, stack(0x0d0e0000,0x0d160000)]
  0x0b13a000 JavaThread "Timer-10" daemon [_thread_blocked, id=9540, stack(0x0d060000,0x0d0e0000)]
  0x0b139800 JavaThread "Timer-9" daemon [_thread_blocked, id=18228, stack(0x0c760000,0x0c7e0000)]
  0x0af53400 JavaThread "Timer-1" [_thread_blocked, id=19652, stack(0x0c200000,0x0c280000)]
  0x0ad30c00 JavaThread "TimerQueue" daemon [_thread_blocked, id=1916, stack(0x0be40000,0x0bec0000)]
  0x0accb400 JavaThread "AWT-EventQueue-0" [_thread_in_native, id=17996, stack(0x0bd30000,0x0bdb0000)]
  0x0accb000 JavaThread "AWT-Shutdown" [_thread_blocked, id=15876, stack(0x0b6b0000,0x0b730000)]
=>0x0abed800 JavaThread "AWT-Windows" daemon [_thread_in_native, id=19500, stack(0x0b2f0000,0x0b370000)]
  0x0abd3000 JavaThread "Java2D Disposer" daemon [_thread_blocked, id=11704, stack(0x0b1f0000,0x0b270000)]
  0x0a42c000 JavaThread "Timer-0" [_thread_blocked, id=12096, stack(0x08ae0000,0x08b60000)]
  0x0a417c00 JavaThread "JMI Unnamed Thread" [_thread_in_native, id=5424, stack(0x03ae0000,0x042e0000)]
  0x06764000 JavaThread "Low Memory Detector" daemon [_thread_blocked, id=11320, stack(0x08a60000,0x08ae0000)]
  0x0675d400 JavaThread "CompilerThread0" daemon [_thread_blocked, id=19404, stack(0x093f0000,0x09bf0000)]
  0x06750c00 JavaThread "Attach Listener" daemon [_thread_blocked, id=17984, stack(0x089e0000,0x08a60000)]
  0x0673c000 JavaThread "Finalizer" daemon [_thread_blocked, id=16280, stack(0x06920000,0x069a0000)]
  0x0673b000 JavaThread "Reference Handler" daemon [_thread_blocked, id=3836, stack(0x068a0000,0x06920000)]
  0x0681d000 JavaThread "main" [_thread_in_native, id=13440, stack(0x00430000,0x00c30000)]

Other Threads:
  0x06736c00 VMThread [stack: 0x08bf0000,0x093f0000] [id=18248]
  0x06776800 WatcherThread [stack: 0x09bf0000,0x0a3f0000] [id=9712]

VM state:not at safepoint (normal execution)

VM Mutex/Monitor currently owned by a thread: None

Heap
 def new generation   total 24896K, used 21349K [0x10010000, 0x11b10000, 0x12010000)
  eden space 22144K,  93% used [0x10010000, 0x11433920, 0x115b0000)
  from space 2752K,  26% used [0x11860000, 0x11915b68, 0x11b10000)
  to   space 2752K,   0% used [0x115b0000, 0x115b0000, 0x11860000)
 tenured generation   total 82572K, used 77715K [0x12010000, 0x170b3000, 0x18010000)
   the space 82572K,  94% used [0x12010000, 0x16bf4fa0, 0x16bf5000, 0x170b3000)
 compacting perm gen  total 33024K, used 32821K [0x18010000, 0x1a050000, 0x1c010000)
   the space 33024K,  99% used [0x18010000, 0x1a01d500, 0x1a01d600, 0x1a050000)
No shared spaces configured.

Dynamic libraries:
0x00400000 - 0x0042f000 	D:\R2009a\bin\win32\MATLAB.exe
0x77300000 - 0x77441000 	C:\Windows\SYSTEM32\ntdll.dll
0x769b0000 - 0x76a84000 	C:\Windows\system32\kernel32.dll
0x75110000 - 0x7515b000 	C:\Windows\system32\KERNELBASE.dll
0x7b280000 - 0x7b34a000 	D:\R2009a\bin\win32\libut.dll
0x76810000 - 0x7683b000 	C:\Windows\system32\imagehlp.dll
0x76580000 - 0x7662c000 	C:\Windows\system32\msvcrt.dll
0x76770000 - 0x76810000 	C:\Windows\system32\ADVAPI32.dll
0x774b0000 - 0x774c9000 	C:\Windows\SYSTEM32\sechost.dll
0x766c0000 - 0x76762000 	C:\Windows\system32\RPCRT4.dll
0x76a90000 - 0x76a95000 	C:\Windows\system32\PSAPI.DLL
0x7bba0000 - 0x7bbbf000 	D:\R2009a\bin\win32\LIBEXPAT.dll
0x743d0000 - 0x7446b000 	C:\Windows\WinSxS\x86_microsoft.vc80.crt_1fc8b3b9a1e18e3b_8.0.50727.6195_none_d09154e044272b9a\MSVCR80.dll
0x7b6b0000 - 0x7b791000 	D:\R2009a\bin\win32\icuuc38.dll
0x7ad90000 - 0x7ad94000 	D:\R2009a\bin\win32\icudt38.dll
0x7ada0000 - 0x7adac000 	D:\R2009a\bin\win32\icuio38.dll
0x7afe0000 - 0x7b0c4000 	D:\R2009a\bin\win32\icuin38.dll
0x74470000 - 0x744f7000 	C:\Windows\WinSxS\x86_microsoft.vc80.crt_1fc8b3b9a1e18e3b_8.0.50727.6195_none_d09154e044272b9a\MSVCP80.dll
0x770d0000 - 0x77199000 	C:\Windows\system32\USER32.dll
0x75420000 - 0x7546e000 	C:\Windows\system32\GDI32.dll
0x76bf0000 - 0x76bfa000 	C:\Windows\system32\LPK.dll
0x75380000 - 0x7541d000 	C:\Windows\system32\USP10.dll
0x782e0000 - 0x78317000 	D:\R2009a\bin\win32\libmwfl.dll
0x10000000 - 0x1000e000 	D:\R2009a\bin\win32\boost_date_time-vc80-mt-1_36.dll
0x00230000 - 0x00240000 	D:\R2009a\bin\win32\boost_signals-vc80-mt-1_36.dll
0x00250000 - 0x00257000 	D:\R2009a\bin\win32\boost_system-vc80-mt-1_36.dll
0x00270000 - 0x0027c000 	D:\R2009a\bin\win32\boost_thread-vc80-mt-1_36.dll
0x7b3b0000 - 0x7b59a000 	D:\R2009a\bin\win32\libmwservices.dll
0x7b350000 - 0x7b3aa000 	D:\R2009a\bin\win32\libmx.dll
0x787a0000 - 0x787b3000 	D:\R2009a\bin\win32\zlib1.dll
0x7b5a0000 - 0x7b6af000 	D:\R2009a\bin\win32\libmwmathutil.dll
0x79510000 - 0x79543000 	D:\R2009a\bin\win32\mpath.dll
0x002d0000 - 0x002ff000 	D:\R2009a\bin\win32\mlutil.dll
0x00310000 - 0x00349000 	D:\R2009a\bin\win32\tbb.dll
0x74280000 - 0x74304000 	C:\Windows\WinSxS\x86_microsoft.windows.common-controls_6595b64144ccf1df_5.82.7601.18201_none_ec80f00e8593ece5\COMCTL32.dll
0x76840000 - 0x768bb000 	C:\Windows\system32\comdlg32.dll
0x76c20000 - 0x76c77000 	C:\Windows\system32\SHLWAPI.dll
0x755b0000 - 0x761fb000 	C:\Windows\system32\SHELL32.dll
0x74260000 - 0x74271000 	C:\Windows\system32\NETAPI32.dll
0x74250000 - 0x74259000 	C:\Windows\system32\netutils.dll
0x74da0000 - 0x74db9000 	C:\Windows\system32\srvcli.dll
0x74240000 - 0x7424f000 	C:\Windows\system32\wkscli.dll
0x754d0000 - 0x75505000 	C:\Windows\system32\WS2_32.dll
0x755a0000 - 0x755a6000 	C:\Windows\system32\NSI.dll
0x79a80000 - 0x79ad3000 	D:\R2009a\bin\win32\mcr.dll
0x7adb0000 - 0x7adeb000 	D:\R2009a\bin\win32\iqm.dll
0x7a080000 - 0x7a558000 	D:\R2009a\bin\win32\m_interpreter.dll
0x7ae00000 - 0x7ae0c000 	D:\R2009a\bin\win32\libmex.dll
0x79960000 - 0x799b7000 	D:\R2009a\bin\win32\m_dispatcher.dll
0x78670000 - 0x7868c000 	D:\R2009a\bin\win32\datasvcs.dll
0x78df0000 - 0x78fb2000 	D:\R2009a\bin\win32\xerces-c_2_7.dll
0x00c30000 - 0x00ccd000 	D:\R2009a\bin\win32\boost_regex-vc80-mt-1_36.dll
0x79870000 - 0x798c7000 	D:\R2009a\bin\win32\profiler.dll
0x7ae60000 - 0x7ae7e000 	D:\R2009a\bin\win32\libmwmathrng.dll
0x78720000 - 0x78732000 	D:\R2009a\bin\win32\m_pcodeio.dll
0x794d0000 - 0x79507000 	D:\R2009a\bin\win32\m_ir.dll
0x79b60000 - 0x7a077000 	D:\R2009a\bin\win32\m_parser.dll
0x7adf0000 - 0x7adfe000 	D:\R2009a\bin\win32\ir_xfmr.dll
0x78320000 - 0x78468000 	D:\R2009a\bin\win32\mcos.dll
0x7aea0000 - 0x7aeaa000 	D:\R2009a\bin\win32\mtok.dll
0x78700000 - 0x78716000 	D:\R2009a\bin\win32\m_pcodegen.dll
0x78650000 - 0x7866b000 	D:\R2009a\bin\win32\bridge.dll
0x7aae0000 - 0x7ab64000 	D:\R2009a\bin\win32\udd.dll
0x7b7a0000 - 0x7b89b000 	D:\R2009a\bin\win32\libmwgui.dll
0x78800000 - 0x789f1000 	D:\R2009a\bin\win32\hg.dll
0x78690000 - 0x786b2000 	D:\R2009a\bin\win32\libmat.dll
0x7b0d0000 - 0x7b275000 	D:\R2009a\bin\win32\libhdf5.dll
0x793e0000 - 0x7941e000 	D:\R2009a\bin\win32\jmi.dll
0x790f0000 - 0x7911c000 	D:\R2009a\bin\win32\libmwhardcopy.dll
0x79490000 - 0x794c7000 	D:\R2009a\bin\win32\libuij.dll
0x78d50000 - 0x78de5000 	D:\R2009a\bin\win32\libmwmathlinalg.dll
0x78a60000 - 0x78d42000 	D:\R2009a\bin\win32\libmwmathelem.dll
0x78a00000 - 0x78a52000 	D:\R2009a\bin\win32\libmwmathcore.dll
0x798d0000 - 0x79917000 	D:\R2009a\bin\win32\libmwcholmod.dll
0x7ae10000 - 0x7ae1a000 	D:\R2009a\bin\win32\libmwamd.dll
0x7ae40000 - 0x7ae49000 	D:\R2009a\bin\win32\libmwcolamd.dll
0x7ae30000 - 0x7ae3d000 	D:\R2009a\bin\win32\libmwblas.dll
0x7ae20000 - 0x7ae2c000 	D:\R2009a\bin\win32\libmwbinder.dll
0x786c0000 - 0x786f8000 	D:\R2009a\bin\win32\libmwlapack.dll
0x00e50000 - 0x00e85000 	D:\R2009a\bin\win32\libmwrookfastbp.dll
0x79120000 - 0x7915c000 	D:\R2009a\bin\win32\libmwma57.dll
0x7aef0000 - 0x7afd9000 	D:\R2009a\bin\win32\libifcoremd.dll
0x79550000 - 0x79813000 	D:\R2009a\bin\win32\libmmd.dll
0x7ae50000 - 0x7ae5c000 	D:\R2009a\bin\win32\libmwcsparse.dll
0x79a20000 - 0x79a73000 	D:\R2009a\bin\win32\libmwumfpack.dll
0x00ed0000 - 0x00f77000 	D:\R2009a\bin\win32\hgdatatypes.dll
0x7ab70000 - 0x7ad89000 	D:\R2009a\bin\win32\uiw.dll
0x7aee0000 - 0x7aee9000 	D:\R2009a\bin\win32\uinone.dll
0x00fb0000 - 0x010bf000 	C:\Windows\WinSxS\x86_microsoft.vc80.mfc_1fc8b3b9a1e18e3b_8.0.50727.6195_none_cbf5e994470a1a8f\MFC80.DLL
0x010c0000 - 0x01111000 	C:\Windows\system32\WINSPOOL.DRV
0x771a0000 - 0x772fc000 	C:\Windows\system32\ole32.dll
0x75510000 - 0x7559f000 	C:\Windows\system32\OLEAUT32.dll
0x79ae0000 - 0x79b55000 	D:\R2009a\bin\win32\udd_mi.dll
0x78740000 - 0x78753000 	D:\R2009a\bin\win32\mwoles05.DLL
0x79820000 - 0x79864000 	D:\R2009a\bin\win32\comcli.dll
0x01150000 - 0x0116b000 	C:\Windows\WinSxS\x86_microsoft.vc80.atl_1fc8b3b9a1e18e3b_8.0.50727.6195_none_d1cb102c435421de\ATL80.DLL
0x7ae90000 - 0x7ae9b000 	D:\R2009a\bin\win32\mlautoregister.dll
0x76c00000 - 0x76c1f000 	C:\Windows\system32\IMM32.DLL
0x77000000 - 0x770cc000 	C:\Windows\system32\MSCTF.dll
0x011b0000 - 0x011ba000 	C:\Windows\WinSxS\x86_microsoft.vc80.mfcloc_1fc8b3b9a1e18e3b_8.0.50727.6195_none_03ce2c72205943d3\MFC80CHS.DLL
0x738c0000 - 0x73900000 	C:\Windows\system32\uxtheme.dll
0x74fb0000 - 0x74fbb000 	C:\Windows\system32\profapi.dll
0x74220000 - 0x7423c000 	C:\Windows\system32\iphlpapi.dll
0x74210000 - 0x74217000 	C:\Windows\system32\WINNSI.DLL
0x74840000 - 0x74884000 	C:\Windows\system32\DNSAPI.dll
0x72710000 - 0x7271d000 	C:\Windows\system32\dhcpcsvc6.DLL
0x72690000 - 0x726a2000 	C:\Windows\system32\dhcpcsvc.DLL
0x73600000 - 0x73603000 	C:\Windows\system32\icmp.Dll
0x74ea0000 - 0x74eac000 	C:\Windows\system32\CRYPTBASE.dll
0x79190000 - 0x793e0000 	D:\R2009a\sys\java\jre\win32\jre\bin\client\jvm.dll
0x75340000 - 0x75372000 	C:\Windows\system32\WINMM.dll
0x043e0000 - 0x04436000 	D:\R2009a\bin\win32\MSVCR71.dll
0x74e50000 - 0x74e9c000 	C:\Windows\system32\apphelp.dll
0x732b0000 - 0x7339b000 	C:\Windows\system32\dbghelp.dll
0x79920000 - 0x79928000 	D:\R2009a\sys\java\jre\win32\jre\bin\hpi.dll
0x79940000 - 0x7994c000 	D:\R2009a\sys\java\jre\win32\jre\bin\verify.dll
0x787c0000 - 0x787df000 	D:\R2009a\sys\java\jre\win32\jre\bin\java.dll
0x79950000 - 0x7995f000 	D:\R2009a\sys\java\jre\win32\jre\bin\zip.dll
0x78760000 - 0x78778000 	D:\R2009a\bin\win32\nativejava.dll
0x78780000 - 0x7879d000 	D:\R2009a\bin\win32\nativejmi.dll
0x7aed0000 - 0x7aed6000 	D:\R2009a\bin\win32\nativeservices.dll
0x78fc0000 - 0x790ee000 	D:\R2009a\sys\java\jre\win32\jre\bin\awt.dll
0x75320000 - 0x75333000 	C:\Windows\system32\dwmapi.dll
0x0b370000 - 0x0b403000 	C:\Users\Administrator\AppData\Roaming\TaobaoProtect\TaobaoProtectSE.dll
0x751c0000 - 0x752e1000 	C:\Windows\system32\CRYPT32.dll
0x74fc0000 - 0x74fcc000 	C:\Windows\system32\MSASN1.dll
0x74500000 - 0x74509000 	C:\Windows\system32\VERSION.dll
0x03140000 - 0x03143000 	C:\Windows\system32\sfc.dll

VM Arguments:
jvm_args: -Xss512k -XX:PermSize=32m -Xms64m -XX:NewRatio=3 -XX:MaxPermSize=64m -Xmx128m -XX:MaxDirectMemorySize=1200000000 -Dsun.java2d.noddraw=true -Dsun.awt.nopixfmt=true -Xshare:off -Xrs -Djava.library.path=D:\R2009a\bin\win32;D:\Xilinx\12.4\ISE_DS\ISE\sysgen\bin;D:\Xilinx\12.4\ISE_DS\ISE\sysgen\bin\nt vfprintf abort 
java_command: <unknown>
Launcher Type: generic

Environment Variables:
JAVA_HOME=D:\java\jdk7
CLASSPATH=D:\java\jdk7\lib\dt.jar;D:\java\jdk7\lib\tools.jar;D:\java\jdk7\bin;D:\java\jdk7\db\postgres;
PATH=C:\Windows\system32;C:\Windows;C:\Windows\System32\Wbem;C:\Windows\System32\WindowsPowerShell\v1.0\;D:\postgresql\bin;D:\java\jdk7\bin;C:\Program Files\Microsoft\Web Platform Installer\;C:\Program Files\Microsoft ASP.NET\ASP.NET Web Pages\v1.0\;C:\Program Files\Windows Kits\8.0\Windows Performance Toolkit\;C:\Program Files\Microsoft SQL Server\110\Tools\Binn\;E:\CLISP\clisp-2.49;D:\Latex\MiKTeX_install\miktex\bin\;E:\miktex\miktex\bin;E:\CTEX\UserData\miktex\bin;E:\CTEX\MiKTeX\miktex\bin;E:\CTEX\CTeX\ctex\bin;E:\CTEX\CTeX\cct\bin;E:\CTEX\CTeX\ty\bin;E:\CTEX\Ghostscript\gs9.05\bin;E:\CTEX\GSview\gsview;E:\CTEX\WinEdt;C:\Program Files\QuickTime\QTSystem\;C:\Windows\system32;C:\Windows;C:\Windows\System32\Wbem;C:\Windows\System32\WindowsPowerShell\v1.0\;D:\postgresql\bin;D:\java\jdk7\bin;C:\Program Files\Microsoft\Web Platform Installer\;C:\Program Files\Microsoft ASP.NET\ASP.NET Web Pages\v1.0\;C:\Program Files\Windows Kits\8.0\Windows Performance Toolkit\;C:\Program Files\Microsoft SQL Server\110\Tools\Binn\;E:\CLISP\clisp-2.49;E:\CTEX\UserData\miktex\bin\
USERNAME=Administrator
OS=Windows_NT
PROCESSOR_IDENTIFIER=x86 Family 6 Model 23 Stepping 10, GenuineIntel



---------------  S Y S T E M  ---------------

OS: Windows NT 6.1 Build 7601 Service Pack 1

CPU:total 4 (4 cores per cpu, 1 threads per core) family 6 model 7 stepping 10, cmov, cx8, fxsr, mmx, sse, sse2, sse3, ssse3

Memory: 4k page, physical 3632736k(962892k free), swap 4194303k(2409520k free)

vm_info: Java HotSpot(TM) Client VM (10.0-b19) for windows-x86 JRE (1.6.0_04-b12), built on Dec 14 2007 00:51:20 by "java_re" with MS VC++ 7.1

time: Sun Apr 26 00:02:54 2015
elapsed time: 2074 seconds

